<?xml version="1.0" encoding="UTF-8"?>
<!-- Generated by org.testng.reporters.JUnitXMLReporter -->
<testsuite hostname="DESKTOP-VBREMM5" ignored="0" name="POM Model Test Cases" tests="4" failures="0" timestamp="01 Jan 2019 03:06:16 GMT" time="316.626" errors="0">
  <testcase name="verifyShowingAllTaksLabelTest" time="0.278" classname="com.crm.qa.testcases.TasksPageTest"/>
  <testcase name="enterNewTasksInfoTest" time="18.339" classname="com.crm.qa.testcases.TasksPageTest"/>
  <testcase name="enterNewTasksInfoTest" time="8.152" classname="com.crm.qa.testcases.TasksPageTest"/>
  <testcase name="enterNewTasksInfoTest" time="9.682" classname="com.crm.qa.testcases.TasksPageTest"/>
</testsuite> <!-- POM Model Test Cases -->
