<?xml version="1.0" encoding="UTF-8"?>
<!-- Generated by org.testng.reporters.JUnitXMLReporter -->
<testsuite hostname="DESKTOP-VBREMM5" ignored="0" name="Command line test" tests="20" failures="0" timestamp="04 Jan 2019 01:46:06 GMT" time="925.254" errors="0">
  <testcase name="verifyContactsPageLabel" time="0.186" classname="com.crm.qa.testcases.ContactsPageTest"/>
  <testcase name="verifyShowFullFormTest" time="3.088" classname="com.crm.qa.testcases.DealsPageTest"/>
  <testcase name="verifyHomePageTitleTest" time="0.18" classname="com.crm.qa.testcases.HomePageTest"/>
  <testcase name="loginPageTitleTest" time="0.2" classname="com.crm.qa.testcases.LoginPageTest"/>
  <testcase name="verifyShowingAllTaksLabelTest" time="0.134" classname="com.crm.qa.testcases.TasksPageTest"/>
  <testcase name="selectSingleContactsTest" time="0.531" classname="com.crm.qa.testcases.ContactsPageTest"/>
  <testcase name="creatNewDealsTest" time="9.785" classname="com.crm.qa.testcases.DealsPageTest"/>
  <testcase name="creatNewDealsTest" time="7.713" classname="com.crm.qa.testcases.DealsPageTest"/>
  <testcase name="creatNewDealsTest" time="7.888" classname="com.crm.qa.testcases.DealsPageTest"/>
  <testcase name="verifyUserNameTest" time="0.382" classname="com.crm.qa.testcases.HomePageTest"/>
  <testcase name="crmLogoImageTest" time="0.793" classname="com.crm.qa.testcases.LoginPageTest"/>
  <testcase name="enterNewTasksInfoTest" time="6.715" classname="com.crm.qa.testcases.TasksPageTest"/>
  <testcase name="enterNewTasksInfoTest" time="6.694" classname="com.crm.qa.testcases.TasksPageTest"/>
  <testcase name="enterNewTasksInfoTest" time="4.702" classname="com.crm.qa.testcases.TasksPageTest"/>
  <testcase name="selectMultipleContactsTest" time="0.888" classname="com.crm.qa.testcases.ContactsPageTest"/>
  <testcase name="verifyContactsLinkTest" time="2.788" classname="com.crm.qa.testcases.HomePageTest"/>
  <testcase name="loginTest" time="10.181" classname="com.crm.qa.testcases.LoginPageTest"/>
  <testcase name="validateCreateNewContact" time="7.557" classname="com.crm.qa.testcases.ContactsPageTest"/>
  <testcase name="validateCreateNewContact" time="8.504" classname="com.crm.qa.testcases.ContactsPageTest"/>
  <testcase name="validateCreateNewContact" time="8.389" classname="com.crm.qa.testcases.ContactsPageTest"/>
</testsuite> <!-- Command line test -->
